<?xml version="1.0" encoding="UTF-8"?>
<!-- Generated by org.testng.reporters.JUnitXMLReporter -->
<testsuite ignored="0" hostname="SPCOKLAP-5344" failures="0" tests="3" name="Default test" time="531.963" errors="0" timestamp="2025-06-25T20:04:29 IST">
  <testcase classname="com.test.LeaveModule.AllScenarios_LeaveModule" name="RUNALL" time="530.912"/>
  <testcase classname="com.test.LeaveModule.AllScenarios_LeaveModule" name="RUNALL" time="0.002"/>
  <testcase classname="com.test.LeaveModule.AllScenarios_LeaveModule" name="RUNALL" time="0.002"/>
</testsuite> <!-- Default test -->
