<?xml version="1.0" encoding="UTF-8"?>
<!-- Generated by org.testng.reporters.JUnitXMLReporter -->
<testsuite ignored="0" hostname="SPBLRLAP-1761" failures="0" tests="7" name="Test" time="1048.254" errors="0" timestamp="2025-06-03T13:03:48 IST">
  <testcase classname="com.test.user.TimesheetModule.AllScenarios_TimesheetListModule" name="RUNALL" time="91.158"/>
  <testcase classname="com.test.user.TimesheetModule.AllScenarios_TimesheetCreateModule" name="RUNALL" time="121.057"/>
  <testcase classname="com.test.user.TimesheetModule.AllScenarios_TimesheetEditDeleteModule" name="RUNALL" time="174.575"/>
  <testcase classname="com.test.user.TimesheetModule.AllScenarios_TimeSheet_Approvals" name="RUNALL" time="34.737"/>
  <testcase classname="com.test.user.TimesheetModule.AllScenarios_TimeSheet_CancelRequests" name="RUNALL" time="25.933"/>
  <testcase classname="com.test.user.TimesheetModule.AllScenarios_TimesheetOnBehalf" name="RUNALL" time="66.393"/>
  <testcase classname="com.test.user.TimesheetModule.AllScenarios_TimesheetWeekandMonth" name="RUNALL" time="531.633"/>
</testsuite> <!-- Test -->
