<?xml version="1.0" encoding="UTF-8"?>
<testng-results ignored="0" total="1" passed="1" failed="0" skipped="0">
  <reporter-output>
  </reporter-output>
  <suite started-at="2025-06-13T22:10:18 IST" name="Default suite" finished-at="2025-06-13T22:19:18 IST" duration-ms="540123">
    <groups>
    </groups>
    <test started-at="2025-06-13T22:10:18 IST" name="Default test" finished-at="2025-06-13T22:19:18 IST" duration-ms="540123">
      <class name="com.ExpenseModule.ExpenseModule">
        <test-method is-config="true" signature="reference()[pri:0, instance:com.ExpenseModule.ExpenseModule@524d6d96]" started-at="2025-06-13T22:10:17 IST" name="reference" finished-at="2025-06-13T22:10:18 IST" duration-ms="897" status="PASS">
          <reporter-output>
          </reporter-output>
        </test-method> <!-- reference -->
        <test-method is-config="true" signature="setupTest(java.lang.reflect.Method)[pri:0, instance:com.ExpenseModule.ExpenseModule@524d6d96]" started-at="2025-06-13T22:10:19 IST" name="setupTest" finished-at="2025-06-13T22:10:19 IST" duration-ms="168" status="PASS">
          <params>
            <param index="0">
              <value>
                <![CDATA[public void com.ExpenseModule.ExpenseModule.RUNALL(java.util.Map,org.testng.ITestContext) throws java.io.IOException,java.lang.InterruptedException]]>
              </value>
            </param>
          </params>
          <reporter-output>
          </reporter-output>
        </test-method> <!-- setupTest -->
        <test-method signature="RUNALL(java.util.Map,org.testng.ITestContext)[pri:0, instance:com.ExpenseModule.ExpenseModule@524d6d96]" started-at="2025-06-13T22:10:19 IST" name="RUNALL" data-provider="TestData" finished-at="2025-06-13T22:19:18 IST" duration-ms="538562" status="PASS">
          <params>
            <param index="0">
              <value>
                <![CDATA[{accountVerificationUserName=ratna.meenakshi, accVerificationPaymentOn= Aug : 2025 , accVerificationPaymentStatus= Payroll Processed , amount=122, billVerificationStatus= Bill Verification Completed , billVerificationUserName=sajitha.rahul, currency= INR , day=10, empName=Clement Joseph, expenseType=Operational Expense:Accomodation Expense, firstLevel=Vivek.Nair, month=JUN, Password=O360@uaL!tY2O2twO, paymentStatus= Payment Done , project=Projectone, Run=Yes, SecondLevel=Satish.Ganta, status= Only Reimbursable , TestScenario=TC_TimeSheetModule, thirdLevel=KP.Hari, UserName=clement.joseph, year=2025}]]>
              </value>
            </param>
            <param index="1">
              <value>
                <![CDATA[org.testng.TestRunner@20e6c4dc]]>
              </value>
            </param>
          </params>
          <reporter-output>
          </reporter-output>
        </test-method> <!-- RUNALL -->
      </class> <!-- com.ExpenseModule.ExpenseModule -->
    </test> <!-- Default test -->
  </suite> <!-- Default suite -->
</testng-results>
