<?xml version="1.0" encoding="UTF-8"?>
<!-- Generated by org.testng.reporters.JUnitReportReporter -->
<testsuite hostname="SPBLRLAP-1761" failures="0" tests="1" name="com.test.user.TimesheetModule.AllScenarios_TimesheetWeekandMonth" time="281.095" errors="0" timestamp="2025-06-04T19:48:03 IST" skipped="0">
  <testcase classname="com.test.user.TimesheetModule.AllScenarios_TimesheetWeekandMonth" name="RUNALL" time="281.095"/>
</testsuite> <!-- com.test.user.TimesheetModule.AllScenarios_TimesheetWeekandMonth -->
