<?xml version="1.0" encoding="UTF-8"?>
<!-- Generated by org.testng.reporters.JUnitReportReporter -->
<testsuite hostname="SPBLRLAP-1761" failures="0" tests="1" name="com.test.user.TimesheetModule.AllScenarios_TimesheetEditDeleteModule" time="174.044" errors="0" timestamp="2025-06-04T16:24:46 IST" skipped="0">
  <testcase classname="com.test.user.TimesheetModule.AllScenarios_TimesheetEditDeleteModule" name="RUNALL" time="174.044"/>
</testsuite> <!-- com.test.user.TimesheetModule.AllScenarios_TimesheetEditDeleteModule -->
