<?xml version="1.0" encoding="UTF-8"?>
<!-- Generated by org.testng.reporters.JUnitReportReporter -->
<testsuite hostname="SPCOKLAP-5344" failures="0" tests="1" name="com.test.ProjectModule.Allscenerios_Project_projecttypesfixed" time="163.897" errors="0" timestamp="2025-06-24T10:38:41 IST" skipped="0">
  <testcase classname="com.test.ProjectModule.Allscenerios_Project_projecttypesfixed" name="RUNALL" time="163.897"/>
  <system-out/>
</testsuite> <!-- com.test.ProjectModule.Allscenerios_Project_projecttypesfixed -->
