<?xml version="1.0" encoding="UTF-8"?>
<!-- Generated by org.testng.reporters.JUnitReportReporter -->
<testsuite hostname="SPBLRLAP-1761" failures="0" tests="1" name="com.test.user.TimesheetModule.AllScenarios_TimeSheet_CancelRequests" time="53.527" errors="0" timestamp="2025-06-06T17:54:01 IST" skipped="0">
  <testcase classname="com.test.user.TimesheetModule.AllScenarios_TimeSheet_CancelRequests" name="RUNALL" time="53.527"/>
</testsuite> <!-- com.test.user.TimesheetModule.AllScenarios_TimeSheet_CancelRequests -->
