<?xml version="1.0" encoding="UTF-8"?>
<!-- Generated by org.testng.reporters.JUnitReportReporter -->
<testsuite hostname="SPBLRLAP-1761" failures="0" tests="1" name="com.test.employeeapplicationtrackermodule.AllScenarios_Employeeapplicationtracker" time="28.354" errors="0" timestamp="2025-05-30T15:12:44 IST" skipped="0">
  <testcase classname="com.test.employeeapplicationtrackermodule.AllScenarios_Employeeapplicationtracker" name="RUNALL" time="28.354"/>
</testsuite> <!-- com.test.employeeapplicationtrackermodule.AllScenarios_Employeeapplicationtracker -->
