<?xml version="1.0" encoding="UTF-8"?>
<!-- Generated by org.testng.reporters.JUnitReportReporter -->
<testsuite hostname="SPBLRLAP-1761" failures="0" tests="1" name="com.test.user.EmpProfile.AllScenarios_Resign_Req_Approval" time="0.255" errors="0" timestamp="2025-05-30T15:12:44 IST" skipped="0">
  <testcase classname="com.test.user.EmpProfile.AllScenarios_Resign_Req_Approval" name="runAlllScenarios" time="0.255"/>
</testsuite> <!-- com.test.user.EmpProfile.AllScenarios_Resign_Req_Approval -->
