<?xml version="1.0" encoding="UTF-8"?>
<!-- Generated by org.testng.reporters.JUnitReportReporter -->
<testsuite hostname="SPBLRLAP-1761" failures="0" tests="1" name="com.test.user.EmpProfile.AllScenarios_Approve_EmployeeProfile" time="0.073" errors="0" timestamp="2025-05-30T15:12:44 IST" skipped="0">
  <testcase classname="com.test.user.EmpProfile.AllScenarios_Approve_EmployeeProfile" name="runAlllScenarios" time="0.073"/>
</testsuite> <!-- com.test.user.EmpProfile.AllScenarios_Approve_EmployeeProfile -->
