<?xml version="1.0" encoding="UTF-8"?>
<!-- Generated by org.testng.reporters.JUnitReportReporter -->
<testsuite hostname="SPBLRLAP-1761" failures="0" tests="1" name="com.test.user.TimesheetModule.AllScenario_TimesheetCreation" time="234.666" errors="0" timestamp="2025-06-06T17:18:38 IST" skipped="0">
  <testcase classname="com.test.user.TimesheetModule.AllScenario_TimesheetCreation" name="RUNALL" time="234.666"/>
</testsuite> <!-- com.test.user.TimesheetModule.AllScenario_TimesheetCreation -->
