<?xml version="1.0" encoding="UTF-8"?>
<!-- Generated by org.testng.reporters.JUnitReportReporter -->
<testsuite hostname="SPBLRLAP-1761" failures="0" tests="1" name="com.test.user.TimesheetModule.AllScenarios_TimesheetCreateModule" time="363.452" errors="0" timestamp="2025-06-04T14:22:58 IST" skipped="0">
  <testcase classname="com.test.user.TimesheetModule.AllScenarios_TimesheetCreateModule" name="RUNALL" time="363.452"/>
</testsuite> <!-- com.test.user.TimesheetModule.AllScenarios_TimesheetCreateModule -->
