<?xml version="1.0" encoding="UTF-8"?>
<!-- Generated by org.testng.reporters.JUnitReportReporter -->
<testsuite hostname="SPCOKLAP-5344" failures="0" tests="1" name="com.test.ProjectModule.Allscenerios_Project_Projecttypes" time="158.312" errors="0" timestamp="2025-06-24T10:34:30 IST" skipped="0">
  <testcase classname="com.test.ProjectModule.Allscenerios_Project_Projecttypes" name="RUNALL" time="158.312"/>
  <system-out/>
</testsuite> <!-- com.test.ProjectModule.Allscenerios_Project_Projecttypes -->
