<?xml version="1.0" encoding="UTF-8"?>
<!-- Generated by org.testng.reporters.JUnitReportReporter -->
<testsuite hostname="SPBLRLAP-1761" failures="0" tests="1" name="com.test.user.TimesheetModule.AllScenarios_TimesheetListModule" time="91.275" errors="0" timestamp="2025-06-03T13:03:48 IST" skipped="0">
  <testcase classname="com.test.user.TimesheetModule.AllScenarios_TimesheetListModule" name="RUNALL" time="91.275"/>
</testsuite> <!-- com.test.user.TimesheetModule.AllScenarios_TimesheetListModule -->
