<?xml version="1.0" encoding="UTF-8"?>
<!-- Generated by org.testng.reporters.JUnitReportReporter -->
<testsuite hostname="SPCOKLAP-5344" failures="0" tests="3" name="com.test.LeaveModule.AllScenarios_LeaveModule" time="531.005" errors="0" timestamp="2025-06-25T20:04:29 IST" skipped="0">
  <testcase classname="com.test.LeaveModule.AllScenarios_LeaveModule" name="RUNALL" time="530.912"/>
  <system-out/>
  <testcase classname="com.test.LeaveModule.AllScenarios_LeaveModule" name="RUNALL" time="0.090"/>
  <system-out/>
  <testcase classname="com.test.LeaveModule.AllScenarios_LeaveModule" name="RUNALL" time="0.003"/>
  <system-out/>
</testsuite> <!-- com.test.LeaveModule.AllScenarios_LeaveModule -->
